running egg_info
creating ../build/ros2_mqtt_bridge/ros2_mqtt_bridge.egg-info
writing ../build/ros2_mqtt_bridge/ros2_mqtt_bridge.egg-info/PKG-INFO
writing dependency_links to ../build/ros2_mqtt_bridge/ros2_mqtt_bridge.egg-info/dependency_links.txt
writing entry points to ../build/ros2_mqtt_bridge/ros2_mqtt_bridge.egg-info/entry_points.txt
writing requirements to ../build/ros2_mqtt_bridge/ros2_mqtt_bridge.egg-info/requires.txt
writing top-level names to ../build/ros2_mqtt_bridge/ros2_mqtt_bridge.egg-info/top_level.txt
writing manifest file '../build/ros2_mqtt_bridge/ros2_mqtt_bridge.egg-info/SOURCES.txt'
reading manifest file '../build/ros2_mqtt_bridge/ros2_mqtt_bridge.egg-info/SOURCES.txt'
writing manifest file '../build/ros2_mqtt_bridge/ros2_mqtt_bridge.egg-info/SOURCES.txt'
running build
running build_py
creating /home/santi/ros2_mqtt/src/build/ros2_mqtt_bridge/build
creating /home/santi/ros2_mqtt/src/build/ros2_mqtt_bridge/build/lib
creating /home/santi/ros2_mqtt/src/build/ros2_mqtt_bridge/build/lib/ros2_mqtt_bridge
copying ros2_mqtt_bridge/__init__.py -> /home/santi/ros2_mqtt/src/build/ros2_mqtt_bridge/build/lib/ros2_mqtt_bridge
copying ros2_mqtt_bridge/mqtt_bridge_node.py -> /home/santi/ros2_mqtt/src/build/ros2_mqtt_bridge/build/lib/ros2_mqtt_bridge
copying ros2_mqtt_bridge/keypress_node.py -> /home/santi/ros2_mqtt/src/build/ros2_mqtt_bridge/build/lib/ros2_mqtt_bridge
copying ros2_mqtt_bridge/keypress_node.py -> /home/santi/ros2_mqtt/src/build/ros2_mqtt_bridge/build/lib/ros2_mqtt_bridge
copying ros2_mqtt_bridge/__init__.py -> /home/santi/ros2_mqtt/src/build/ros2_mqtt_bridge/build/lib/ros2_mqtt_bridge
copying ros2_mqtt_bridge/mqtt_bridge_node.py -> /home/santi/ros2_mqtt/src/build/ros2_mqtt_bridge/build/lib/ros2_mqtt_bridge
running install
running install_lib
creating /home/santi/ros2_mqtt/src/install/ros2_mqtt_bridge/lib/python3.10/site-packages/ros2_mqtt_bridge
copying /home/santi/ros2_mqtt/src/build/ros2_mqtt_bridge/build/lib/ros2_mqtt_bridge/keypress_node.py -> /home/santi/ros2_mqtt/src/install/ros2_mqtt_bridge/lib/python3.10/site-packages/ros2_mqtt_bridge
copying /home/santi/ros2_mqtt/src/build/ros2_mqtt_bridge/build/lib/ros2_mqtt_bridge/__init__.py -> /home/santi/ros2_mqtt/src/install/ros2_mqtt_bridge/lib/python3.10/site-packages/ros2_mqtt_bridge
copying /home/santi/ros2_mqtt/src/build/ros2_mqtt_bridge/build/lib/ros2_mqtt_bridge/mqtt_bridge_node.py -> /home/santi/ros2_mqtt/src/install/ros2_mqtt_bridge/lib/python3.10/site-packages/ros2_mqtt_bridge
byte-compiling /home/santi/ros2_mqtt/src/install/ros2_mqtt_bridge/lib/python3.10/site-packages/ros2_mqtt_bridge/keypress_node.py to keypress_node.cpython-310.pyc
byte-compiling /home/santi/ros2_mqtt/src/install/ros2_mqtt_bridge/lib/python3.10/site-packages/ros2_mqtt_bridge/__init__.py to __init__.cpython-310.pyc
byte-compiling /home/santi/ros2_mqtt/src/install/ros2_mqtt_bridge/lib/python3.10/site-packages/ros2_mqtt_bridge/mqtt_bridge_node.py to mqtt_bridge_node.cpython-310.pyc
running install_egg_info
Copying ../build/ros2_mqtt_bridge/ros2_mqtt_bridge.egg-info to /home/santi/ros2_mqtt/src/install/ros2_mqtt_bridge/lib/python3.10/site-packages/ros2_mqtt_bridge-0.1.0-py3.10.egg-info
running install_scripts
Installing keypress_node script to /home/santi/ros2_mqtt/src/install/ros2_mqtt_bridge/lib/ros2_mqtt_bridge
Installing mqtt_bridge_node script to /home/santi/ros2_mqtt/src/install/ros2_mqtt_bridge/lib/ros2_mqtt_bridge
writing list of installed files to '/home/santi/ros2_mqtt/src/build/ros2_mqtt_bridge/install.log'
